<?xml version="1.0" encoding="UTF-8"?>
<!-- Generated by org.testng.reporters.JUnitReportReporter -->
<testsuite hostname="DESKTOP-PSPSVDJ" failures="0" tests="1" name="linkedin.practiceSelenium.form" time="1.584" errors="0" timestamp="2023-04-18T12:05:21 EDT" skipped="0">
  <testcase classname="linkedin.practiceSelenium.form" name="fillform" time="1.584"/>
  <system-out/>
</testsuite> <!-- linkedin.practiceSelenium.form -->
